[18Jan2025 00:05:26.971] [Server thread/INFO] [net.minecraft.server.players.PlayerList/]: amigobuho360[/100.81.26.21:52136] logged in with entity id 56944 at (935.3864516370684, 96.0, 1667.7121422008443)
[18Jan2025 00:05:26.988] [Server thread/INFO] [ModdingLegacy/blue_skies/]: Sending ToolHandleTypeManager to amigobuho360
[18Jan2025 00:05:26.989] [Server thread/INFO] [ModdingLegacy/blue_skies/]: Sending SnowcapOvenFreezingManager to amigobuho360
[18Jan2025 00:05:26.990] [Server thread/INFO] [ModdingLegacy/blue_skies/]: Sending HorizoniteForgeFuelManager to amigobuho360
[18Jan2025 00:05:26.990] [Server thread/INFO] [ModdingLegacy/blue_skies/]: Sending AlchemyRecipeManager to amigobuho360
[18Jan2025 00:05:26.999] [Server thread/INFO] [ModdingLegacy/blue_skies/]: Sending JournalEntryManager to amigobuho360
[18Jan2025 00:05:27.017] [Server thread/INFO] [ModdingLegacy/blue_skies/]: Sending JournalSectionManager to amigobuho360
[18Jan2025 00:05:27.020] [Server thread/INFO] [ModdingLegacy/blue_skies/]: Sending JournalRequirementManager to amigobuho360
[18Jan2025 00:05:27.139] [Server thread/INFO] [net.minecraft.server.MinecraftServer/]: amigobuho360 joined the game
[18Jan2025 00:05:27.174] [Server thread/INFO] [Jade/]: Syncing config to amigobuho360 (b68e832d-3da2-35d1-8fd6-80925fbd78f4)
[18Jan2025 00:05:28.880] [Server thread/INFO] [do_a_barrel_roll/]: Client of amigobuho360 accepted server config.
[18Jan2025 00:05:40.626] [Server thread/INFO] [com.teampotato.redirector.Redirector/]: Redirecting com/simibubi/create/foundation/utility/TreeCutter$SearchDirection
[18Jan2025 00:12:46.311] [Server thread/INFO] [com.teampotato.redirector.Redirector/]: Redirecting org/cyclops/cyclopscore/algorithm/Dimension
[18Jan2025 00:14:15.617] [Server thread/INFO] [com.teampotato.redirector.Redirector/]: Redirecting org/violetmoon/quark/content/automation/block/be/FeedingTroughBlockEntity$FeedResult
[18Jan2025 00:16:11.350] [Server thread/INFO] [com.teampotato.redirector.Redirector/]: Redirecting ovh/corail/tombstone/helper/Helper$RomanNumeral
[18Jan2025 00:22:58.739] [Server thread/INFO] [com.teampotato.redirector.Redirector/]: Redirecting com/ilexiconn/llibrary/server/animation/AnimationHandler
[18Jan2025 00:26:20.529] [Server thread/INFO] [com.teampotato.redirector.Redirector/]: Redirecting net/minecraft/world/level/Level$ExplosionInteraction
[18Jan2025 00:26:30.981] [Server thread/INFO] [net.minecraft.server.MinecraftServer/]: amigobuho360 was slain by Nightmare Stalker
[18Jan2025 00:26:31.008] [Server thread/INFO] [tombstone/]: The player amigobuho360 has successfully been saved
[18Jan2025 00:26:32.281] [Server thread/INFO] [do_a_barrel_roll/]: Client of amigobuho360 accepted server config.
[18Jan2025 00:26:37.246] [Server thread/INFO] [net.minecraft.server.MinecraftServer/]: amigobuho360 was slain by Nightmare Stalker
[18Jan2025 00:26:37.274] [Server thread/INFO] [tombstone/]: The player amigobuho360 has successfully been saved
[18Jan2025 00:26:38.536] [Server thread/INFO] [do_a_barrel_roll/]: Client of amigobuho360 accepted server config.
[18Jan2025 00:27:27.280] [Server thread/INFO] [net.minecraft.server.MinecraftServer/]: amigobuho360 was slain by Nightmare Stalker
[18Jan2025 00:27:27.325] [Server thread/INFO] [tombstone/]: The player amigobuho360 has successfully been saved
[18Jan2025 00:27:28.653] [Server thread/INFO] [do_a_barrel_roll/]: Client of amigobuho360 accepted server config.
[18Jan2025 00:27:33.929] [Server thread/INFO] [net.minecraft.server.MinecraftServer/]: amigobuho360 was slain by Nightmare Stalker
[18Jan2025 00:27:33.942] [Server thread/INFO] [tombstone/]: The player amigobuho360 has successfully been saved
[18Jan2025 00:27:35.280] [Server thread/INFO] [do_a_barrel_roll/]: Client of amigobuho360 accepted server config.
[18Jan2025 00:27:40.533] [Server thread/INFO] [net.minecraft.server.MinecraftServer/]: amigobuho360 was slain by Nightmare Stalker
[18Jan2025 00:27:40.555] [Server thread/INFO] [tombstone/]: The player amigobuho360 has successfully been saved
[18Jan2025 00:27:41.968] [Server thread/INFO] [do_a_barrel_roll/]: Client of amigobuho360 accepted server config.
[18Jan2025 00:54:48.807] [Netty Epoll Server IO #1/INFO] [com.teampotato.redirector.Redirector/]: Redirecting immersive_aircraft/network/c2s/CommandMessage$Key
[18Jan2025 00:57:25.751] [Server thread/WARN] [net.minecraft.world.entity.ai.attributes.AttributeMap/]: Ignoring unknown attribute 'epicfight:offhand_attack_speed'
[18Jan2025 00:57:25.752] [Server thread/WARN] [net.minecraft.world.entity.ai.attributes.AttributeMap/]: Ignoring unknown attribute 'epicfight:weight'
[18Jan2025 00:57:25.752] [Server thread/WARN] [net.minecraft.world.entity.ai.attributes.AttributeMap/]: Ignoring unknown attribute 'epicfight:max_strikes'
[18Jan2025 00:57:25.752] [Server thread/WARN] [net.minecraft.world.entity.ai.attributes.AttributeMap/]: Ignoring unknown attribute 'epicfight:stun_armor'
[18Jan2025 00:57:25.752] [Server thread/WARN] [net.minecraft.world.entity.ai.attributes.AttributeMap/]: Ignoring unknown attribute 'epicfight:impact'
[18Jan2025 00:57:25.753] [Server thread/WARN] [net.minecraft.world.entity.ai.attributes.AttributeMap/]: Ignoring unknown attribute 'epicfight:offhand_armor_negation'
[18Jan2025 00:57:25.753] [Server thread/WARN] [net.minecraft.world.entity.ai.attributes.AttributeMap/]: Ignoring unknown attribute 'epicfight:offhand_impact'
[18Jan2025 00:57:25.753] [Server thread/WARN] [net.minecraft.world.entity.ai.attributes.AttributeMap/]: Ignoring unknown attribute 'epicfight:offhand_max_strikes'
[18Jan2025 00:57:27.750] [Server thread/WARN] [net.minecraft.world.entity.ai.attributes.AttributeMap/]: Ignoring unknown attribute 'epicfight:stun_armor'
[18Jan2025 00:57:27.756] [Server thread/WARN] [net.minecraft.world.entity.ai.attributes.AttributeMap/]: Ignoring unknown attribute 'epicfight:stun_armor'
[18Jan2025 00:57:27.858] [Server thread/WARN] [net.minecraft.world.entity.ai.attributes.AttributeMap/]: Ignoring unknown attribute 'epicfight:weight'
[18Jan2025 00:57:27.859] [Server thread/WARN] [net.minecraft.world.entity.ai.attributes.AttributeMap/]: Ignoring unknown attribute 'epicfight:stun_armor'
[18Jan2025 00:57:27.859] [Server thread/WARN] [net.minecraft.world.entity.ai.attributes.AttributeMap/]: Ignoring unknown attribute 'epicfight:weight'
[18Jan2025 00:57:27.859] [Server thread/WARN] [net.minecraft.world.entity.ai.attributes.AttributeMap/]: Ignoring unknown attribute 'epicfight:stun_armor'
[18Jan2025 00:57:27.860] [Server thread/WARN] [net.minecraft.world.entity.ai.attributes.AttributeMap/]: Ignoring unknown attribute 'epicfight:impact'
[18Jan2025 00:57:27.860] [Server thread/WARN] [net.minecraft.world.entity.ai.attributes.AttributeMap/]: Ignoring unknown attribute 'epicfight:weight'
[18Jan2025 00:57:27.860] [Server thread/WARN] [net.minecraft.world.entity.ai.attributes.AttributeMap/]: Ignoring unknown attribute 'epicfight:stun_armor'
[18Jan2025 00:57:27.894] [Server thread/WARN] [net.minecraft.world.entity.ai.attributes.AttributeMap/]: Ignoring unknown attribute 'epicfight:weight'
[18Jan2025 00:57:27.894] [Server thread/WARN] [net.minecraft.world.entity.ai.attributes.AttributeMap/]: Ignoring unknown attribute 'epicfight:stun_armor'
[18Jan2025 00:57:30.874] [Server thread/WARN] [net.minecraft.world.entity.ai.attributes.AttributeMap/]: Ignoring unknown attribute 'epicfight:weight'
[18Jan2025 00:57:32.792] [Server thread/WARN] [net.minecraft.world.entity.ai.attributes.AttributeMap/]: Ignoring unknown attribute 'epicfight:impact'
[18Jan2025 00:57:32.793] [Server thread/WARN] [net.minecraft.world.entity.ai.attributes.AttributeMap/]: Ignoring unknown attribute 'epicfight:max_strikes'
[18Jan2025 00:57:32.793] [Server thread/WARN] [net.minecraft.world.entity.ai.attributes.AttributeMap/]: Ignoring unknown attribute 'epicfight:weight'
[18Jan2025 00:57:32.793] [Server thread/WARN] [net.minecraft.world.entity.ai.attributes.AttributeMap/]: Ignoring unknown attribute 'epicfight:stun_armor'
[18Jan2025 00:57:36.597] [Server thread/WARN] [net.minecraft.world.entity.ai.attributes.AttributeMap/]: Ignoring unknown attribute 'epicfight:armor_negation'
[18Jan2025 00:57:36.598] [Server thread/WARN] [net.minecraft.world.entity.ai.attributes.AttributeMap/]: Ignoring unknown attribute 'epicfight:weight'
[18Jan2025 00:57:36.598] [Server thread/WARN] [net.minecraft.world.entity.ai.attributes.AttributeMap/]: Ignoring unknown attribute 'epicfight:stun_armor'
[18Jan2025 00:57:36.598] [Server thread/WARN] [net.minecraft.world.entity.ai.attributes.AttributeMap/]: Ignoring unknown attribute 'epicfight:impact'
[18Jan2025 00:57:42.390] [Server thread/WARN] [net.minecraft.world.entity.ai.attributes.AttributeMap/]: Ignoring unknown attribute 'epicfight:weight'
[18Jan2025 00:57:42.392] [Server thread/WARN] [net.minecraft.world.entity.ai.attributes.AttributeMap/]: Ignoring unknown attribute 'epicfight:stun_armor'
[18Jan2025 00:57:42.584] [Server thread/INFO] [com.teampotato.redirector.Redirector/]: Redirecting com/github/alexthe666/citadel/server/entity/pathfinding/raycoms/PathFindingStatus
[18Jan2025 00:57:42.585] [Server thread/INFO] [com.teampotato.redirector.Redirector/]: Redirecting com/github/alexthe666/citadel/server/entity/pathfinding/raycoms/AbstractAdvancedPathNavigate$RestrictionType
[18Jan2025 00:57:42.614] [Citadel Pathfinding Worker #0/INFO] [com.teampotato.redirector.Redirector/]: Redirecting com/github/alexthe666/citadel/server/entity/pathfinding/raycoms/SurfaceType
[18Jan2025 00:57:49.938] [Server thread/WARN] [net.minecraft.world.entity.ai.attributes.AttributeMap/]: Ignoring unknown attribute 'epicfight:impact'
[18Jan2025 00:57:49.938] [Server thread/WARN] [net.minecraft.world.entity.ai.attributes.AttributeMap/]: Ignoring unknown attribute 'epicfight:weight'
[18Jan2025 00:57:49.939] [Server thread/WARN] [net.minecraft.world.entity.ai.attributes.AttributeMap/]: Ignoring unknown attribute 'epicfight:stun_armor'
[18Jan2025 00:57:49.955] [Server thread/WARN] [net.minecraft.world.entity.ai.attributes.AttributeMap/]: Ignoring unknown attribute 'epicfight:impact'
[18Jan2025 00:57:49.955] [Server thread/WARN] [net.minecraft.world.entity.ai.attributes.AttributeMap/]: Ignoring unknown attribute 'epicfight:weight'
[18Jan2025 00:57:49.955] [Server thread/WARN] [net.minecraft.world.entity.ai.attributes.AttributeMap/]: Ignoring unknown attribute 'epicfight:stun_armor'
[18Jan2025 00:57:49.956] [Server thread/WARN] [net.minecraft.world.entity.ai.attributes.AttributeMap/]: Ignoring unknown attribute 'epicfight:impact'
[18Jan2025 00:57:49.956] [Server thread/WARN] [net.minecraft.world.entity.ai.attributes.AttributeMap/]: Ignoring unknown attribute 'epicfight:weight'
[18Jan2025 00:57:49.957] [Server thread/WARN] [net.minecraft.world.entity.ai.attributes.AttributeMap/]: Ignoring unknown attribute 'epicfight:stun_armor'
[18Jan2025 00:57:53.016] [Server thread/WARN] [net.minecraft.world.entity.ai.attributes.AttributeMap/]: Ignoring unknown attribute 'epicfight:impact'
[18Jan2025 00:57:53.017] [Server thread/WARN] [net.minecraft.world.entity.ai.attributes.AttributeMap/]: Ignoring unknown attribute 'epicfight:weight'
[18Jan2025 00:57:53.017] [Server thread/WARN] [net.minecraft.world.entity.ai.attributes.AttributeMap/]: Ignoring unknown attribute 'epicfight:stun_armor'
[18Jan2025 00:57:56.037] [Server thread/WARN] [net.minecraft.world.entity.ai.attributes.AttributeMap/]: Ignoring unknown attribute 'epicfight:stun_armor'
[18Jan2025 00:57:56.038] [Server thread/WARN] [net.minecraft.world.entity.ai.attributes.AttributeMap/]: Ignoring unknown attribute 'epicfight:impact'
[18Jan2025 00:57:56.038] [Server thread/WARN] [net.minecraft.world.entity.ai.attributes.AttributeMap/]: Ignoring unknown attribute 'epicfight:weight'
[18Jan2025 00:57:58.649] [Server thread/WARN] [net.minecraft.world.entity.ai.attributes.AttributeMap/]: Ignoring unknown attribute 'epicfight:stun_armor'
[18Jan2025 00:57:58.649] [Server thread/WARN] [net.minecraft.world.entity.ai.attributes.AttributeMap/]: Ignoring unknown attribute 'epicfight:impact'
[18Jan2025 00:57:58.649] [Server thread/WARN] [net.minecraft.world.entity.ai.attributes.AttributeMap/]: Ignoring unknown attribute 'epicfight:weight'
[18Jan2025 00:58:00.541] [Server thread/WARN] [net.minecraft.world.entity.ai.attributes.AttributeMap/]: Ignoring unknown attribute 'epicfight:stun_armor'
[18Jan2025 00:58:00.541] [Server thread/WARN] [net.minecraft.world.entity.ai.attributes.AttributeMap/]: Ignoring unknown attribute 'epicfight:impact'
[18Jan2025 00:58:00.542] [Server thread/WARN] [net.minecraft.world.entity.ai.attributes.AttributeMap/]: Ignoring unknown attribute 'epicfight:weight'
[18Jan2025 00:58:01.757] [Server thread/WARN] [net.minecraft.world.entity.ai.attributes.AttributeMap/]: Ignoring unknown attribute 'epicfight:impact'
[18Jan2025 00:58:01.758] [Server thread/WARN] [net.minecraft.world.entity.ai.attributes.AttributeMap/]: Ignoring unknown attribute 'epicfight:stun_armor'
[18Jan2025 00:58:01.758] [Server thread/WARN] [net.minecraft.world.entity.ai.attributes.AttributeMap/]: Ignoring unknown attribute 'epicfight:weight'
[18Jan2025 00:58:06.427] [Server thread/WARN] [net.minecraft.world.entity.ai.attributes.AttributeMap/]: Ignoring unknown attribute 'epicfight:stun_armor'
[18Jan2025 00:58:06.459] [Server thread/INFO] [com.teampotato.redirector.Redirector/]: Redirecting net/minecraft/world/entity/animal/Panda$Gene
[18Jan2025 00:58:08.849] [Server thread/WARN] [net.minecraft.world.entity.ai.attributes.AttributeMap/]: Ignoring unknown attribute 'epicfight:armor_negation'
[18Jan2025 00:58:08.850] [Server thread/WARN] [net.minecraft.world.entity.ai.attributes.AttributeMap/]: Ignoring unknown attribute 'epicfight:max_strikes'
[18Jan2025 00:58:08.850] [Server thread/WARN] [net.minecraft.world.entity.ai.attributes.AttributeMap/]: Ignoring unknown attribute 'epicfight:stun_armor'
[18Jan2025 00:58:08.850] [Server thread/WARN] [net.minecraft.world.entity.ai.attributes.AttributeMap/]: Ignoring unknown attribute 'epicfight:impact'
[18Jan2025 00:58:08.851] [Server thread/WARN] [net.minecraft.world.entity.ai.attributes.AttributeMap/]: Ignoring unknown attribute 'epicfight:weight'
[18Jan2025 00:58:10.060] [Server thread/WARN] [net.minecraft.world.entity.ai.attributes.AttributeMap/]: Ignoring unknown attribute 'epicfight:stun_armor'
[18Jan2025 00:58:11.602] [Server thread/WARN] [net.minecraft.server.network.ServerGamePacketListenerImpl/]: Biplane (vehicle of amigobuho360) moved too quickly! -2.294402904472463,-0.7137928148049184,-9.860985713376976
[18Jan2025 00:58:12.026] [Server thread/WARN] [net.minecraft.world.entity.ai.attributes.AttributeMap/]: Ignoring unknown attribute 'epicfight:stun_armor'
[18Jan2025 00:58:12.269] [Server thread/WARN] [net.minecraft.world.entity.ai.attributes.AttributeMap/]: Ignoring unknown attribute 'epicfight:stun_armor'
[18Jan2025 00:58:12.269] [Server thread/WARN] [net.minecraft.world.entity.ai.attributes.AttributeMap/]: Ignoring unknown attribute 'epicfight:impact'
[18Jan2025 00:58:12.270] [Server thread/WARN] [net.minecraft.world.entity.ai.attributes.AttributeMap/]: Ignoring unknown attribute 'epicfight:weight'
[18Jan2025 00:58:12.270] [Server thread/WARN] [net.minecraft.world.entity.ai.attributes.AttributeMap/]: Ignoring unknown attribute 'epicfight:stun_armor'
[18Jan2025 00:58:12.270] [Server thread/WARN] [net.minecraft.world.entity.ai.attributes.AttributeMap/]: Ignoring unknown attribute 'epicfight:impact'
[18Jan2025 00:58:12.270] [Server thread/WARN] [net.minecraft.world.entity.ai.attributes.AttributeMap/]: Ignoring unknown attribute 'epicfight:weight'
[18Jan2025 00:58:12.271] [Server thread/WARN] [net.minecraft.world.entity.ai.attributes.AttributeMap/]: Ignoring unknown attribute 'epicfight:stun_armor'
[18Jan2025 00:58:12.271] [Server thread/WARN] [net.minecraft.world.entity.ai.attributes.AttributeMap/]: Ignoring unknown attribute 'epicfight:impact'
[18Jan2025 00:58:12.271] [Server thread/WARN] [net.minecraft.world.entity.ai.attributes.AttributeMap/]: Ignoring unknown attribute 'epicfight:weight'
[18Jan2025 00:58:12.271] [Server thread/WARN] [net.minecraft.world.entity.ai.attributes.AttributeMap/]: Ignoring unknown attribute 'epicfight:stun_armor'
[18Jan2025 00:58:12.272] [Server thread/WARN] [net.minecraft.world.entity.ai.attributes.AttributeMap/]: Ignoring unknown attribute 'epicfight:impact'
[18Jan2025 00:58:12.272] [Server thread/WARN] [net.minecraft.world.entity.ai.attributes.AttributeMap/]: Ignoring unknown attribute 'epicfight:weight'
[18Jan2025 00:58:12.272] [Server thread/WARN] [net.minecraft.world.entity.ai.attributes.AttributeMap/]: Ignoring unknown attribute 'epicfight:stun_armor'
[18Jan2025 00:58:12.272] [Server thread/WARN] [net.minecraft.world.entity.ai.attributes.AttributeMap/]: Ignoring unknown attribute 'epicfight:impact'
[18Jan2025 00:58:12.272] [Server thread/WARN] [net.minecraft.world.entity.ai.attributes.AttributeMap/]: Ignoring unknown attribute 'epicfight:weight'
[18Jan2025 00:58:12.273] [Server thread/WARN] [net.minecraft.world.entity.ai.attributes.AttributeMap/]: Ignoring unknown attribute 'epicfight:stun_armor'
[18Jan2025 00:58:12.273] [Server thread/WARN] [net.minecraft.world.entity.ai.attributes.AttributeMap/]: Ignoring unknown attribute 'epicfight:impact'
[18Jan2025 00:58:12.273] [Server thread/WARN] [net.minecraft.world.entity.ai.attributes.AttributeMap/]: Ignoring unknown attribute 'epicfight:weight'
[18Jan2025 00:58:12.274] [Server thread/WARN] [net.minecraft.world.entity.ai.attributes.AttributeMap/]: Ignoring unknown attribute 'epicfight:stun_armor'
[18Jan2025 00:58:12.274] [Server thread/WARN] [net.minecraft.world.entity.ai.attributes.AttributeMap/]: Ignoring unknown attribute 'epicfight:impact'
[18Jan2025 00:58:12.274] [Server thread/WARN] [net.minecraft.world.entity.ai.attributes.AttributeMap/]: Ignoring unknown attribute 'epicfight:weight'
[18Jan2025 00:58:12.280] [Server thread/WARN] [net.minecraft.world.entity.ai.attributes.AttributeMap/]: Ignoring unknown attribute 'epicfight:stun_armor'
[18Jan2025 00:58:12.280] [Server thread/WARN] [net.minecraft.world.entity.ai.attributes.AttributeMap/]: Ignoring unknown attribute 'epicfight:impact'
[18Jan2025 00:58:12.280] [Server thread/WARN] [net.minecraft.world.entity.ai.attributes.AttributeMap/]: Ignoring unknown attribute 'epicfight:weight'
[18Jan2025 00:58:12.384] [Server thread/WARN] [net.minecraft.world.entity.ai.attributes.AttributeMap/]: Ignoring unknown attribute 'epicfight:stun_armor'
[18Jan2025 00:58:16.253] [Server thread/WARN] [net.minecraft.world.entity.ai.attributes.AttributeMap/]: Ignoring unknown attribute 'epicfight:armor_negation'
[18Jan2025 00:58:16.254] [Server thread/WARN] [net.minecraft.world.entity.ai.attributes.AttributeMap/]: Ignoring unknown attribute 'epicfight:stun_armor'
[18Jan2025 00:58:16.254] [Server thread/WARN] [net.minecraft.world.entity.ai.attributes.AttributeMap/]: Ignoring unknown attribute 'epicfight:impact'
[18Jan2025 00:58:16.255] [Server thread/WARN] [net.minecraft.world.entity.ai.attributes.AttributeMap/]: Ignoring unknown attribute 'epicfight:weight'
[18Jan2025 00:58:23.357] [Server thread/WARN] [net.minecraft.world.entity.ai.attributes.AttributeMap/]: Ignoring unknown attribute 'epicfight:weight'
[18Jan2025 00:58:31.107] [Server thread/WARN] [net.minecraft.world.entity.ai.attributes.AttributeMap/]: Ignoring unknown attribute 'epicfight:offhand_attack_speed'
[18Jan2025 00:58:31.107] [Server thread/WARN] [net.minecraft.world.entity.ai.attributes.AttributeMap/]: Ignoring unknown attribute 'epicfight:impact'
[18Jan2025 00:58:31.108] [Server thread/WARN] [net.minecraft.world.entity.ai.attributes.AttributeMap/]: Ignoring unknown attribute 'epicfight:weight'
[18Jan2025 00:58:31.108] [Server thread/WARN] [net.minecraft.world.entity.ai.attributes.AttributeMap/]: Ignoring unknown attribute 'epicfight:offhand_max_strikes'
[18Jan2025 00:58:31.108] [Server thread/WARN] [net.minecraft.world.entity.ai.attributes.AttributeMap/]: Ignoring unknown attribute 'epicfight:stun_armor'
[18Jan2025 00:58:31.108] [Server thread/WARN] [net.minecraft.world.entity.ai.attributes.AttributeMap/]: Ignoring unknown attribute 'epicfight:offhand_armor_negation'
[18Jan2025 00:58:31.108] [Server thread/WARN] [net.minecraft.world.entity.ai.attributes.AttributeMap/]: Ignoring unknown attribute 'epicfight:offhand_impact'
[18Jan2025 00:58:31.108] [Server thread/WARN] [net.minecraft.world.entity.ai.attributes.AttributeMap/]: Ignoring unknown attribute 'epicfight:max_strikes'
[18Jan2025 00:58:32.503] [Server thread/WARN] [net.minecraft.world.entity.ai.attributes.AttributeMap/]: Ignoring unknown attribute 'epicfight:stun_armor'
[18Jan2025 00:58:34.925] [Server thread/WARN] [net.minecraft.world.entity.ai.attributes.AttributeMap/]: Ignoring unknown attribute 'epicfight:weight'
[18Jan2025 00:58:34.925] [Server thread/WARN] [net.minecraft.world.entity.ai.attributes.AttributeMap/]: Ignoring unknown attribute 'epicfight:stun_armor'
[18Jan2025 00:58:37.460] [Worker-Main-172/INFO] [com.teampotato.redirector.Redirector/]: Redirecting org/violetmoon/quark/content/world/gen/FallenLogGenerator$Decor
[18Jan2025 00:58:44.869] [Server thread/WARN] [net.minecraft.server.MinecraftServer/]: Can't keep up! Is the server overloaded? Running 2105ms or 42 ticks behind
[18Jan2025 00:58:50.216] [Server thread/WARN] [net.minecraft.world.level.chunk.LevelChunk/]: Tried to load a block entity for block Block{minecraft:smithing_table} but failed at location BlockPos{x=1062, y=13, z=756}
[18Jan2025 00:59:02.095] [Server thread/WARN] [net.minecraft.world.entity.ai.attributes.AttributeMap/]: Ignoring unknown attribute 'epicfight:impact'
[18Jan2025 00:59:02.099] [Server thread/WARN] [net.minecraft.world.entity.ai.attributes.AttributeMap/]: Ignoring unknown attribute 'epicfight:weight'
[18Jan2025 00:59:02.099] [Server thread/WARN] [net.minecraft.world.entity.ai.attributes.AttributeMap/]: Ignoring unknown attribute 'epicfight:stun_armor'
[18Jan2025 00:59:09.328] [Server thread/WARN] [net.minecraft.world.level.chunk.LevelChunk/]: Tried to load a block entity for block Block{minecraft:fletching_table} but failed at location BlockPos{x=1050, y=9, z=618}
[18Jan2025 00:59:19.631] [Worker-Main-190/ERROR] [net.minecraft.world.entity.decoration.HangingEntity/]: Hanging entity at invalid position: BlockPos{x=-274, y=-57, z=-245}
[18Jan2025 00:59:19.637] [Worker-Main-190/ERROR] [net.minecraft.world.entity.decoration.HangingEntity/]: Hanging entity at invalid position: BlockPos{x=-276, y=-57, z=-243}
[18Jan2025 00:59:19.638] [Worker-Main-190/ERROR] [net.minecraft.world.entity.decoration.HangingEntity/]: Hanging entity at invalid position: BlockPos{x=-277, y=-57, z=-244}
[18Jan2025 00:59:20.380] [Worker-Main-187/ERROR] [net.minecraft.world.entity.decoration.HangingEntity/]: Hanging entity at invalid position: BlockPos{x=-193, y=-45, z=-211}
[18Jan2025 00:59:20.380] [Worker-Main-187/ERROR] [net.minecraft.world.entity.decoration.HangingEntity/]: Hanging entity at invalid position: BlockPos{x=-183, y=-57, z=-210}
[18Jan2025 00:59:20.382] [Worker-Main-187/ERROR] [net.minecraft.world.entity.decoration.HangingEntity/]: Hanging entity at invalid position: BlockPos{x=-187, y=-49, z=-219}
[18Jan2025 00:59:20.382] [Worker-Main-187/ERROR] [net.minecraft.world.entity.decoration.HangingEntity/]: Hanging entity at invalid position: BlockPos{x=-189, y=-45, z=-211}
[18Jan2025 00:59:20.386] [Worker-Main-187/ERROR] [net.minecraft.world.entity.decoration.HangingEntity/]: Hanging entity at invalid position: BlockPos{x=-191, y=-45, z=-211}
[18Jan2025 00:59:20.850] [Worker-Main-187/ERROR] [net.minecraft.world.entity.decoration.HangingEntity/]: Hanging entity at invalid position: BlockPos{x=-183, y=-57, z=-201}
[18Jan2025 00:59:20.857] [Worker-Main-187/ERROR] [net.minecraft.world.entity.decoration.HangingEntity/]: Hanging entity at invalid position: BlockPos{x=-183, y=-58, z=-205}
[18Jan2025 00:59:25.533] [Server thread/WARN] [net.minecraft.world.entity.ai.attributes.AttributeMap/]: Ignoring unknown attribute 'epicfight:weight'
[18Jan2025 00:59:25.533] [Server thread/WARN] [net.minecraft.world.entity.ai.attributes.AttributeMap/]: Ignoring unknown attribute 'epicfight:stun_armor'
[18Jan2025 00:59:25.689] [Server thread/WARN] [net.minecraft.world.level.chunk.LevelChunk/]: Tried to load a block entity for block Block{minecraft:smithing_table} but failed at location BlockPos{x=1106, y=-2, z=584}
[18Jan2025 00:59:25.789] [Server thread/WARN] [net.minecraft.server.MinecraftServer/]: Can't keep up! Is the server overloaded? Running 2024ms or 40 ticks behind
[18Jan2025 00:59:27.364] [Server thread/WARN] [net.minecraft.world.level.chunk.LevelChunk/]: Tried to load a block entity for block Block{minecraft:smithing_table} but failed at location BlockPos{x=1059, y=18, z=581}
[18Jan2025 00:59:27.743] [Server thread/INFO] [com.teampotato.redirector.Redirector/]: Redirecting net/minecraft/world/level/gameevent/GameEventListener$DeliveryMode
[18Jan2025 00:59:48.027] [Server thread/WARN] [net.minecraft.world.level.chunk.LevelChunk/]: Tried to load a block entity for block Block{minecraft:smithing_table} but failed at location BlockPos{x=1217, y=-39, z=587}
[18Jan2025 00:59:49.745] [Server thread/WARN] [net.minecraft.world.entity.ai.attributes.AttributeMap/]: Ignoring unknown attribute 'epicfight:stun_armor'
[18Jan2025 00:59:49.756] [Server thread/WARN] [net.minecraft.world.entity.ai.attributes.AttributeMap/]: Ignoring unknown attribute 'epicfight:impact'
[18Jan2025 00:59:49.756] [Server thread/WARN] [net.minecraft.world.entity.ai.attributes.AttributeMap/]: Ignoring unknown attribute 'epicfight:weight'
[18Jan2025 00:59:49.756] [Server thread/WARN] [net.minecraft.world.entity.ai.attributes.AttributeMap/]: Ignoring unknown attribute 'epicfight:stun_armor'
[18Jan2025 00:59:49.790] [Server thread/WARN] [net.minecraft.world.entity.ai.attributes.AttributeMap/]: Ignoring unknown attribute 'epicfight:impact'
[18Jan2025 00:59:49.790] [Server thread/WARN] [net.minecraft.world.entity.ai.attributes.AttributeMap/]: Ignoring unknown attribute 'epicfight:weight'
[18Jan2025 00:59:49.791] [Server thread/WARN] [net.minecraft.world.entity.ai.attributes.AttributeMap/]: Ignoring unknown attribute 'epicfight:stun_armor'
[18Jan2025 00:59:49.791] [Server thread/WARN] [net.minecraft.world.entity.ai.attributes.AttributeMap/]: Ignoring unknown attribute 'epicfight:impact'
[18Jan2025 00:59:49.791] [Server thread/WARN] [net.minecraft.world.entity.ai.attributes.AttributeMap/]: Ignoring unknown attribute 'epicfight:weight'
[18Jan2025 00:59:49.791] [Server thread/WARN] [net.minecraft.world.entity.ai.attributes.AttributeMap/]: Ignoring unknown attribute 'epicfight:stun_armor'
[18Jan2025 00:59:49.792] [Server thread/WARN] [net.minecraft.world.entity.ai.attributes.AttributeMap/]: Ignoring unknown attribute 'epicfight:impact'
[18Jan2025 00:59:49.792] [Server thread/WARN] [net.minecraft.world.entity.ai.attributes.AttributeMap/]: Ignoring unknown attribute 'epicfight:weight'
[18Jan2025 00:59:49.792] [Server thread/WARN] [net.minecraft.world.entity.ai.attributes.AttributeMap/]: Ignoring unknown attribute 'epicfight:stun_armor'
[18Jan2025 00:59:51.397] [Server thread/WARN] [net.minecraft.world.entity.ai.attributes.AttributeMap/]: Ignoring unknown attribute 'epicfight:impact'
[18Jan2025 00:59:51.397] [Server thread/WARN] [net.minecraft.world.entity.ai.attributes.AttributeMap/]: Ignoring unknown attribute 'epicfight:weight'
[18Jan2025 00:59:51.398] [Server thread/WARN] [net.minecraft.world.entity.ai.attributes.AttributeMap/]: Ignoring unknown attribute 'epicfight:stun_armor'
[18Jan2025 00:59:51.401] [Server thread/WARN] [net.minecraft.world.entity.ai.attributes.AttributeMap/]: Ignoring unknown attribute 'epicfight:stun_armor'
[18Jan2025 00:59:51.401] [Server thread/WARN] [net.minecraft.world.entity.ai.attributes.AttributeMap/]: Ignoring unknown attribute 'epicfight:impact'
[18Jan2025 00:59:51.402] [Server thread/WARN] [net.minecraft.world.entity.ai.attributes.AttributeMap/]: Ignoring unknown attribute 'epicfight:armor_negation'
[18Jan2025 00:59:51.402] [Server thread/WARN] [net.minecraft.world.entity.ai.attributes.AttributeMap/]: Ignoring unknown attribute 'epicfight:weight'
[18Jan2025 00:59:54.854] [Server thread/WARN] [net.minecraft.world.entity.ai.attributes.AttributeMap/]: Ignoring unknown attribute 'epicfight:impact'
[18Jan2025 00:59:54.854] [Server thread/WARN] [net.minecraft.world.entity.ai.attributes.AttributeMap/]: Ignoring unknown attribute 'epicfight:weight'
[18Jan2025 00:59:54.854] [Server thread/WARN] [net.minecraft.world.entity.ai.attributes.AttributeMap/]: Ignoring unknown attribute 'epicfight:stun_armor'
[18Jan2025 00:59:56.685] [Server thread/WARN] [net.minecraft.world.entity.ai.attributes.AttributeMap/]: Ignoring unknown attribute 'epicfight:impact'
[18Jan2025 00:59:56.687] [Server thread/WARN] [net.minecraft.world.entity.ai.attributes.AttributeMap/]: Ignoring unknown attribute 'epicfight:weight'
[18Jan2025 00:59:56.687] [Server thread/WARN] [net.minecraft.world.entity.ai.attributes.AttributeMap/]: Ignoring unknown attribute 'epicfight:stun_armor'
[18Jan2025 00:59:59.305] [Server thread/WARN] [net.minecraft.world.entity.ai.attributes.AttributeMap/]: Ignoring unknown attribute 'epicfight:impact'
[18Jan2025 00:59:59.306] [Server thread/WARN] [net.minecraft.world.entity.ai.attributes.AttributeMap/]: Ignoring unknown attribute 'epicfight:weight'
[18Jan2025 00:59:59.306] [Server thread/WARN] [net.minecraft.world.entity.ai.attributes.AttributeMap/]: Ignoring unknown attribute 'epicfight:stun_armor'
[18Jan2025 01:00:06.817] [Server thread/WARN] [net.minecraft.world.entity.ai.attributes.AttributeMap/]: Ignoring unknown attribute 'epicfight:weight'
[18Jan2025 01:00:06.818] [Server thread/WARN] [net.minecraft.world.entity.ai.attributes.AttributeMap/]: Ignoring unknown attribute 'epicfight:stun_armor'
[18Jan2025 01:00:08.364] [Server thread/WARN] [net.minecraft.world.entity.ai.attributes.AttributeMap/]: Ignoring unknown attribute 'epicfight:impact'
[18Jan2025 01:00:08.364] [Server thread/WARN] [net.minecraft.world.entity.ai.attributes.AttributeMap/]: Ignoring unknown attribute 'epicfight:max_strikes'
[18Jan2025 01:00:08.365] [Server thread/WARN] [net.minecraft.world.entity.ai.attributes.AttributeMap/]: Ignoring unknown attribute 'epicfight:armor_negation'
[18Jan2025 01:00:08.366] [Server thread/WARN] [net.minecraft.world.entity.ai.attributes.AttributeMap/]: Ignoring unknown attribute 'epicfight:weight'
[18Jan2025 01:00:08.366] [Server thread/WARN] [net.minecraft.world.entity.ai.attributes.AttributeMap/]: Ignoring unknown attribute 'epicfight:stun_armor'
[18Jan2025 01:00:08.371] [Server thread/WARN] [net.minecraft.world.entity.ai.attributes.AttributeMap/]: Ignoring unknown attribute 'epicfight:offhand_impact'
[18Jan2025 01:00:08.371] [Server thread/WARN] [net.minecraft.world.entity.ai.attributes.AttributeMap/]: Ignoring unknown attribute 'epicfight:max_strikes'
[18Jan2025 01:00:08.371] [Server thread/WARN] [net.minecraft.world.entity.ai.attributes.AttributeMap/]: Ignoring unknown attribute 'epicfight:offhand_armor_negation'
[18Jan2025 01:00:08.371] [Server thread/WARN] [net.minecraft.world.entity.ai.attributes.AttributeMap/]: Ignoring unknown attribute 'epicfight:stun_armor'
[18Jan2025 01:00:08.371] [Server thread/WARN] [net.minecraft.world.entity.ai.attributes.AttributeMap/]: Ignoring unknown attribute 'epicfight:offhand_max_strikes'
[18Jan2025 01:00:08.372] [Server thread/WARN] [net.minecraft.world.entity.ai.attributes.AttributeMap/]: Ignoring unknown attribute 'epicfight:impact'
[18Jan2025 01:00:08.372] [Server thread/WARN] [net.minecraft.world.entity.ai.attributes.AttributeMap/]: Ignoring unknown attribute 'epicfight:offhand_attack_speed'
[18Jan2025 01:00:08.372] [Server thread/WARN] [net.minecraft.world.entity.ai.attributes.AttributeMap/]: Ignoring unknown attribute 'epicfight:weight'
[18Jan2025 01:00:12.878] [Server thread/WARN] [net.minecraft.world.entity.ai.attributes.AttributeMap/]: Ignoring unknown attribute 'epicfight:armor_negation'
[18Jan2025 01:00:12.878] [Server thread/WARN] [net.minecraft.world.entity.ai.attributes.AttributeMap/]: Ignoring unknown attribute 'epicfight:impact'
[18Jan2025 01:00:12.879] [Server thread/WARN] [net.minecraft.world.entity.ai.attributes.AttributeMap/]: Ignoring unknown attribute 'epicfight:max_strikes'
[18Jan2025 01:00:12.879] [Server thread/WARN] [net.minecraft.world.entity.ai.attributes.AttributeMap/]: Ignoring unknown attribute 'epicfight:weight'
[18Jan2025 01:00:12.879] [Server thread/WARN] [net.minecraft.world.entity.ai.attributes.AttributeMap/]: Ignoring unknown attribute 'epicfight:stun_armor'
[18Jan2025 01:00:13.537] [Server thread/WARN] [net.minecraft.world.entity.ai.attributes.AttributeMap/]: Ignoring unknown attribute 'epicfight:offhand_impact'
[18Jan2025 01:00:13.537] [Server thread/WARN] [net.minecraft.world.entity.ai.attributes.AttributeMap/]: Ignoring unknown attribute 'epicfight:offhand_max_strikes'
[18Jan2025 01:00:13.537] [Server thread/WARN] [net.minecraft.world.entity.ai.attributes.AttributeMap/]: Ignoring unknown attribute 'epicfight:offhand_attack_speed'
[18Jan2025 01:00:13.537] [Server thread/WARN] [net.minecraft.world.entity.ai.attributes.AttributeMap/]: Ignoring unknown attribute 'epicfight:impact'
[18Jan2025 01:00:13.537] [Server thread/WARN] [net.minecraft.world.entity.ai.attributes.AttributeMap/]: Ignoring unknown attribute 'epicfight:offhand_armor_negation'
[18Jan2025 01:00:13.537] [Server thread/WARN] [net.minecraft.world.entity.ai.attributes.AttributeMap/]: Ignoring unknown attribute 'epicfight:max_strikes'
[18Jan2025 01:00:13.538] [Server thread/WARN] [net.minecraft.world.entity.ai.attributes.AttributeMap/]: Ignoring unknown attribute 'epicfight:weight'
[18Jan2025 01:00:13.538] [Server thread/WARN] [net.minecraft.world.entity.ai.attributes.AttributeMap/]: Ignoring unknown attribute 'epicfight:stun_armor'
[18Jan2025 01:00:21.643] [Server thread/WARN] [net.minecraft.world.level.chunk.LevelChunk/]: Tried to load a block entity for block Block{minecraft:smithing_table} but failed at location BlockPos{x=294, y=-21, z=1276}
[18Jan2025 01:00:22.499] [Server thread/WARN] [net.minecraft.server.MinecraftServer/]: Can't keep up! Is the server overloaded? Running 2034ms or 40 ticks behind
[18Jan2025 01:00:38.182] [Server thread/WARN] [net.minecraft.world.level.chunk.LevelChunk/]: Tried to load a block entity for block Block{minecraft:fletching_table} but failed at location BlockPos{x=199, y=-36, z=1239}
[18Jan2025 01:00:38.505] [Server thread/WARN] [net.minecraft.world.level.chunk.LevelChunk/]: Tried to load a block entity for block Block{minecraft:smithing_table} but failed at location BlockPos{x=182, y=-51, z=1266}
[18Jan2025 01:00:40.407] [Server thread/WARN] [net.minecraft.world.level.chunk.LevelChunk/]: Tried to load a block entity for block Block{minecraft:fletching_table} but failed at location BlockPos{x=171, y=-4, z=1291}
[18Jan2025 01:00:40.808] [Server thread/WARN] [net.minecraft.world.level.chunk.LevelChunk/]: Tried to load a block entity for block Block{minecraft:smithing_table} but failed at location BlockPos{x=186, y=-36, z=1246}
[18Jan2025 01:00:45.545] [Server thread/WARN] [net.minecraft.world.entity.ai.attributes.AttributeMap/]: Ignoring unknown attribute 'epicfight:impact'
[18Jan2025 01:00:45.545] [Server thread/WARN] [net.minecraft.world.entity.ai.attributes.AttributeMap/]: Ignoring unknown attribute 'epicfight:armor_negation'
[18Jan2025 01:00:45.546] [Server thread/WARN] [net.minecraft.world.entity.ai.attributes.AttributeMap/]: Ignoring unknown attribute 'epicfight:max_strikes'
[18Jan2025 01:00:45.546] [Server thread/WARN] [net.minecraft.world.entity.ai.attributes.AttributeMap/]: Ignoring unknown attribute 'epicfight:weight'
[18Jan2025 01:00:45.546] [Server thread/WARN] [net.minecraft.world.entity.ai.attributes.AttributeMap/]: Ignoring unknown attribute 'epicfight:stun_armor'
[18Jan2025 01:00:46.323] [Server thread/INFO] [com.teampotato.redirector.Redirector/]: Redirecting net/minecraft/world/level/block/entity/BeehiveBlockEntity$BeeReleaseStatus
[18Jan2025 01:00:47.564] [Server thread/WARN] [net.minecraft.server.network.ServerGamePacketListenerImpl/]: amigobuho360 moved wrongly!
[18Jan2025 01:01:24.307] [Server thread/WARN] [net.minecraft.world.entity.ai.attributes.AttributeMap/]: Ignoring unknown attribute 'epicfight:offhand_armor_negation'
[18Jan2025 01:01:24.307] [Server thread/WARN] [net.minecraft.world.entity.ai.attributes.AttributeMap/]: Ignoring unknown attribute 'epicfight:impact'
[18Jan2025 01:01:24.307] [Server thread/WARN] [net.minecraft.world.entity.ai.attributes.AttributeMap/]: Ignoring unknown attribute 'epicfight:stun_armor'
[18Jan2025 01:01:24.307] [Server thread/WARN] [net.minecraft.world.entity.ai.attributes.AttributeMap/]: Ignoring unknown attribute 'epicfight:max_strikes'
[18Jan2025 01:01:24.308] [Server thread/WARN] [net.minecraft.world.entity.ai.attributes.AttributeMap/]: Ignoring unknown attribute 'epicfight:offhand_impact'
[18Jan2025 01:01:24.308] [Server thread/WARN] [net.minecraft.world.entity.ai.attributes.AttributeMap/]: Ignoring unknown attribute 'epicfight:offhand_attack_speed'
[18Jan2025 01:01:24.308] [Server thread/WARN] [net.minecraft.world.entity.ai.attributes.AttributeMap/]: Ignoring unknown attribute 'epicfight:weight'
[18Jan2025 01:01:24.308] [Server thread/WARN] [net.minecraft.world.entity.ai.attributes.AttributeMap/]: Ignoring unknown attribute 'epicfight:offhand_max_strikes'
[18Jan2025 01:01:29.879] [Server thread/WARN] [net.minecraft.world.entity.ai.attributes.AttributeMap/]: Ignoring unknown attribute 'epicfight:stun_armor'
[18Jan2025 01:01:29.879] [Server thread/WARN] [net.minecraft.world.entity.ai.attributes.AttributeMap/]: Ignoring unknown attribute 'epicfight:weight'
[18Jan2025 01:01:42.667] [Server thread/WARN] [net.minecraft.world.level.chunk.LevelChunk/]: Tried to load a block entity for block Block{minecraft:smithing_table} but failed at location BlockPos{x=20, y=-23, z=1546}
[18Jan2025 01:01:42.667] [Server thread/WARN] [net.minecraft.world.level.chunk.LevelChunk/]: Tried to load a block entity for block Block{minecraft:smithing_table} but failed at location BlockPos{x=21, y=23, z=1550}
[18Jan2025 01:01:43.575] [Server thread/WARN] [net.minecraft.world.level.chunk.LevelChunk/]: Tried to load a block entity for block Block{minecraft:smithing_table} but failed at location BlockPos{x=5, y=20, z=1708}
[18Jan2025 01:01:45.912] [Server thread/WARN] [net.minecraft.world.entity.ai.attributes.AttributeMap/]: Ignoring unknown attribute 'epicfight:impact'
[18Jan2025 01:01:45.912] [Server thread/WARN] [net.minecraft.world.entity.ai.attributes.AttributeMap/]: Ignoring unknown attribute 'epicfight:stun_armor'
[18Jan2025 01:01:45.913] [Server thread/WARN] [net.minecraft.world.entity.ai.attributes.AttributeMap/]: Ignoring unknown attribute 'epicfight:offhand_attack_speed'
[18Jan2025 01:01:45.913] [Server thread/WARN] [net.minecraft.world.entity.ai.attributes.AttributeMap/]: Ignoring unknown attribute 'epicfight:weight'
[18Jan2025 01:01:45.916] [Server thread/WARN] [net.minecraft.world.entity.ai.attributes.AttributeMap/]: Ignoring unknown attribute 'epicfight:stun_armor'
[18Jan2025 01:01:49.872] [Server thread/WARN] [net.minecraft.world.level.chunk.LevelChunk/]: Tried to load a block entity for block Block{minecraft:smithing_table} but failed at location BlockPos{x=-31, y=-23, z=1595}
[18Jan2025 01:01:50.292] [Server thread/WARN] [net.minecraft.world.level.chunk.LevelChunk/]: Tried to load a block entity for block Block{minecraft:smithing_table} but failed at location BlockPos{x=110, y=-4, z=1278}
[18Jan2025 01:01:59.185] [Server thread/WARN] [net.minecraft.world.level.chunk.LevelChunk/]: Tried to load a block entity for block Block{minecraft:smithing_table} but failed at location BlockPos{x=-36, y=1, z=1722}
[18Jan2025 01:02:02.011] [Server thread/WARN] [net.minecraft.world.level.chunk.LevelChunk/]: Tried to load a block entity for block Block{minecraft:smithing_table} but failed at location BlockPos{x=-64, y=-17, z=1675}
[18Jan2025 01:02:05.610] [Server thread/WARN] [net.minecraft.world.entity.ai.attributes.AttributeMap/]: Ignoring unknown attribute 'epicfight:weight'
[18Jan2025 01:02:09.912] [Server thread/WARN] [net.minecraft.world.entity.ai.attributes.AttributeMap/]: Ignoring unknown attribute 'epicfight:stun_armor'
[18Jan2025 01:02:13.665] [Server thread/WARN] [net.minecraft.world.entity.ai.attributes.AttributeMap/]: Ignoring unknown attribute 'epicfight:stun_armor'
[18Jan2025 01:02:13.667] [Server thread/WARN] [net.minecraft.world.entity.ai.attributes.AttributeMap/]: Ignoring unknown attribute 'epicfight:stun_armor'
[18Jan2025 01:02:13.668] [Server thread/WARN] [net.minecraft.world.entity.ai.attributes.AttributeMap/]: Ignoring unknown attribute 'epicfight:stun_armor'
[18Jan2025 01:02:19.838] [Server thread/WARN] [net.minecraft.world.entity.ai.attributes.AttributeMap/]: Ignoring unknown attribute 'epicfight:weight'
[18Jan2025 01:02:19.839] [Server thread/WARN] [net.minecraft.world.entity.ai.attributes.AttributeMap/]: Ignoring unknown attribute 'epicfight:stun_armor'
[18Jan2025 01:02:20.023] [Server thread/WARN] [net.minecraft.world.entity.ai.attributes.AttributeMap/]: Ignoring unknown attribute 'epicfight:impact'
[18Jan2025 01:02:20.023] [Server thread/WARN] [net.minecraft.world.entity.ai.attributes.AttributeMap/]: Ignoring unknown attribute 'epicfight:stun_armor'
[18Jan2025 01:02:20.024] [Server thread/WARN] [net.minecraft.world.entity.ai.attributes.AttributeMap/]: Ignoring unknown attribute 'epicfight:armor_negation'
[18Jan2025 01:02:20.024] [Server thread/WARN] [net.minecraft.world.entity.ai.attributes.AttributeMap/]: Ignoring unknown attribute 'epicfight:weight'
[18Jan2025 01:02:20.032] [Server thread/WARN] [net.minecraft.world.entity.ai.attributes.AttributeMap/]: Ignoring unknown attribute 'epicfight:stun_armor'
[18Jan2025 01:02:21.599] [Server thread/WARN] [net.minecraft.server.network.ServerGamePacketListenerImpl/]: amigobuho360 moved wrongly!
[18Jan2025 01:02:33.377] [Server thread/WARN] [net.minecraft.world.entity.ai.attributes.AttributeMap/]: Ignoring unknown attribute 'epicfight:weight'
[18Jan2025 01:02:33.377] [Server thread/WARN] [net.minecraft.world.entity.ai.attributes.AttributeMap/]: Ignoring unknown attribute 'epicfight:stun_armor'
[18Jan2025 01:02:33.378] [Server thread/WARN] [net.minecraft.world.entity.ai.attributes.AttributeMap/]: Ignoring unknown attribute 'epicfight:offhand_attack_speed'
[18Jan2025 01:02:39.988] [Server thread/WARN] [net.minecraft.world.level.chunk.LevelChunk/]: Tried to load a block entity for block Block{minecraft:smithing_table} but failed at location BlockPos{x=-103, y=0, z=1653}
[18Jan2025 01:02:44.328] [Server thread/WARN] [net.minecraft.world.level.chunk.LevelChunk/]: Tried to load a block entity for block Block{minecraft:fletching_table} but failed at location BlockPos{x=-131, y=1, z=1768}
[18Jan2025 01:02:44.910] [Server thread/WARN] [net.minecraft.world.level.chunk.LevelChunk/]: Tried to load a block entity for block Block{minecraft:fletching_table} but failed at location BlockPos{x=-126, y=32, z=1670}
[18Jan2025 01:02:53.422] [Server thread/WARN] [net.minecraft.world.level.chunk.LevelChunk/]: Tried to load a block entity for block Block{minecraft:smithing_table} but failed at location BlockPos{x=-151, y=4, z=1728}
[18Jan2025 01:02:59.065] [Server thread/WARN] [net.minecraft.world.level.chunk.LevelChunk/]: Tried to load a block entity for block Block{minecraft:smithing_table} but failed at location BlockPos{x=-165, y=-47, z=1727}
[18Jan2025 01:03:13.163] [Server thread/WARN] [net.minecraft.server.MinecraftServer/]: Can't keep up! Is the server overloaded? Running 2048ms or 40 ticks behind
[18Jan2025 01:03:20.107] [Server thread/WARN] [net.minecraft.world.level.chunk.LevelChunk/]: Tried to load a block entity for block Block{minecraft:smithing_table} but failed at location BlockPos{x=-195, y=-34, z=1633}
[18Jan2025 01:04:58.211] [Server thread/WARN] [net.minecraft.world.level.chunk.LevelChunk/]: Tried to load a block entity for block Block{minecraft:fletching_table} but failed at location BlockPos{x=-302, y=19, z=1861}
[18Jan2025 01:04:59.638] [Server thread/WARN] [net.minecraft.world.level.chunk.LevelChunk/]: Tried to load a block entity for block Block{minecraft:smithing_table} but failed at location BlockPos{x=-302, y=-6, z=1836}
[18Jan2025 01:05:00.462] [Server thread/WARN] [net.minecraft.world.level.chunk.LevelChunk/]: Tried to load a block entity for block Block{minecraft:smithing_table} but failed at location BlockPos{x=-300, y=-18, z=1645}
[18Jan2025 01:05:08.767] [Server thread/WARN] [net.minecraft.world.level.chunk.LevelChunk/]: Tried to load a block entity for block Block{minecraft:fletching_table} but failed at location BlockPos{x=-336, y=9, z=1716}
[18Jan2025 01:05:23.611] [Server thread/WARN] [net.minecraft.world.level.chunk.LevelChunk/]: Tried to load a block entity for block Block{minecraft:fletching_table} but failed at location BlockPos{x=-383, y=-9, z=1778}
